{"/Users/Artem/Documents/workshop/src/helpers/classes.ts": {"path":"/Users/Artem/Documents/workshop/src/helpers/classes.ts","statementMap":{"0":{"start":{"line":7,"column":23},"end":{"line":8,"column":3}},"1":{"start":{"line":7,"column":29},"end":{"line":7,"column":31}},"2":{"start":{"line":7,"column":35},"end":{"line":7,"column":37}},"3":{"start":{"line":7,"column":47},"end":{"line":7,"column":58}},"4":{"start":{"line":8,"column":2},"end":{"line":15,"column":15}},"5":{"start":{"line":11,"column":20},"end":{"line":11,"column":22}},"6":{"start":{"line":11,"column":23},"end":{"line":11,"column":24}},"7":{"start":{"line":11,"column":29},"end":{"line":11,"column":31}},"8":{"start":{"line":12,"column":18},"end":{"line":12,"column":19}},"9":{"start":{"line":12,"column":24},"end":{"line":12,"column":28}},"10":{"start":{"line":7,"column":13},"end":{"line":7,"column":23}}},"fnMap":{"0":{"name":"(anonymous_0)","decl":{"start":{"line":7,"column":23},"end":{"line":7,"column":24}},"loc":{"start":{"line":7,"column":58},"end":{"line":8,"column":3}}},"1":{"name":"(anonymous_1)","decl":{"start":{"line":11,"column":16},"end":{"line":11,"column":17}},"loc":{"start":{"line":11,"column":24},"end":{"line":11,"column":30}}},"2":{"name":"(anonymous_2)","decl":{"start":{"line":12,"column":13},"end":{"line":12,"column":14}},"loc":{"start":{"line":12,"column":19},"end":{"line":12,"column":27}}}},"branchMap":{"0":{"loc":{"start":{"line":10,"column":21},"end":{"line":10,"column":31}},"type":"binary-expr","locations":[{"start":{"line":10,"column":21},"end":{"line":10,"column":25}},{"start":{"line":10,"column":29},"end":{"line":10,"column":31}}]},"1":{"loc":{"start":{"line":14,"column":12},"end":{"line":14,"column":28}},"type":"binary-expr","locations":[{"start":{"line":14,"column":12},"end":{"line":14,"column":22}},{"start":{"line":14,"column":26},"end":{"line":14,"column":28}}]}},"s":{"0":1,"1":1,"2":1,"3":1,"4":1,"5":0,"6":0,"7":0,"8":0,"9":0,"10":1},"f":{"0":1,"1":0,"2":0},"b":{"0":[1,1],"1":[1,1]}}
}
